app/build/intermediates/manifest_merge_blame_file/release/manifest-merger-blame-release-report.txt
1<?xml version="1.0" encoding="utf-8"?>
2<manifest xmlns:android="http://schemas.android.com/apk/res/android"
3    package="com.example.reelshortblocker"
4    android:versionCode="1"
5    android:versionName="1.0" >
6
7    <uses-sdk
8        android:minSdkVersion="21"
8-->src/main/AndroidManifest.xml
9        android:targetSdkVersion="34" />
9-->src/main/AndroidManifest.xml
10
11    <permission
11-->[androidx.core:core:1.13.0] AndroidManifest.xml:22:5-24:47
12        android:name="com.example.reelshortblocker.DYNAMIC_RECEIVER_NOT_EXPORTED_PERMISSION"
12-->[androidx.core:core:1.13.0] AndroidManifest.xml:23:9-81
13        android:protectionLevel="signature" />
13-->[androidx.core:core:1.13.0] AndroidManifest.xml:24:9-44
14
15    <uses-permission android:name="com.example.reelshortblocker.DYNAMIC_RECEIVER_NOT_EXPORTED_PERMISSION" />
15-->[androidx.core:core:1.13.0] AndroidManifest.xml:26:5-97
15-->[androidx.core:core:1.13.0] AndroidManifest.xml:26:22-94
16
17    <application
17-->src/main/AndroidManifest.xml:6:5-38:19
18        android:allowBackup="true"
18-->src/main/AndroidManifest.xml:7:9-35
19        android:appComponentFactory="androidx.core.app.CoreComponentFactory"
19-->[androidx.core:core:1.13.0] AndroidManifest.xml:28:18-86
20        android:dataExtractionRules="@xml/data_extraction_rules"
20-->src/main/AndroidManifest.xml:8:9-65
21        android:fullBackupContent="@xml/backup_rules"
21-->src/main/AndroidManifest.xml:9:9-54
22        android:icon="@mipmap/ic_launcher"
22-->src/main/AndroidManifest.xml:10:9-43
23        android:label="@string/app_name"
23-->src/main/AndroidManifest.xml:11:9-41
24        android:roundIcon="@mipmap/ic_launcher_round"
24-->src/main/AndroidManifest.xml:12:9-54
25        android:supportsRtl="true"
25-->src/main/AndroidManifest.xml:13:9-35
26        android:theme="@style/Theme.ReelShortBlocker" >
26-->src/main/AndroidManifest.xml:14:9-54
27        <activity
27-->src/main/AndroidManifest.xml:16:9-23:20
28            android:name="com.example.reelshortblocker.MainActivity"
28-->src/main/AndroidManifest.xml:17:13-41
29            android:exported="true" > <!-- FIX: Set exported to true for the launcher activity -->
29-->src/main/AndroidManifest.xml:18:13-36
30            <intent-filter>
30-->src/main/AndroidManifest.xml:19:13-22:29
31                <action android:name="android.intent.action.MAIN" />
31-->src/main/AndroidManifest.xml:20:17-69
31-->src/main/AndroidManifest.xml:20:25-66
32
33                <category android:name="android.intent.category.LAUNCHER" />
33-->src/main/AndroidManifest.xml:21:17-77
33-->src/main/AndroidManifest.xml:21:27-74
34            </intent-filter>
35        </activity>
36
37        <service
37-->src/main/AndroidManifest.xml:25:9-36:19
38            android:name="com.example.reelshortblocker.ReelShortBlockerService"
38-->src/main/AndroidManifest.xml:26:13-52
39            android:exported="false"
39-->src/main/AndroidManifest.xml:29:13-37
40            android:label="@string/app_name"
40-->src/main/AndroidManifest.xml:28:13-45
41            android:permission="android.permission.BIND_ACCESSIBILITY_SERVICE" > <!-- FIX: Set exported to false for the service -->
41-->src/main/AndroidManifest.xml:27:13-79
42            <intent-filter>
42-->src/main/AndroidManifest.xml:30:13-32:29
43                <action android:name="android.accessibilityservice.AccessibilityService" />
43-->src/main/AndroidManifest.xml:31:17-92
43-->src/main/AndroidManifest.xml:31:25-89
44            </intent-filter>
45
46            <meta-data
46-->src/main/AndroidManifest.xml:33:13-35:72
47                android:name="android.accessibilityservice"
47-->src/main/AndroidManifest.xml:34:17-60
48                android:resource="@xml/accessibility_service_config" />
48-->src/main/AndroidManifest.xml:35:17-69
49        </service>
50
51        <provider
51-->[androidx.emoji2:emoji2:1.2.0] AndroidManifest.xml:24:9-32:20
52            android:name="androidx.startup.InitializationProvider"
52-->[androidx.emoji2:emoji2:1.2.0] AndroidManifest.xml:25:13-67
53            android:authorities="com.example.reelshortblocker.androidx-startup"
53-->[androidx.emoji2:emoji2:1.2.0] AndroidManifest.xml:26:13-68
54            android:exported="false" >
54-->[androidx.emoji2:emoji2:1.2.0] AndroidManifest.xml:27:13-37
55            <meta-data
55-->[androidx.emoji2:emoji2:1.2.0] AndroidManifest.xml:29:13-31:52
56                android:name="androidx.emoji2.text.EmojiCompatInitializer"
56-->[androidx.emoji2:emoji2:1.2.0] AndroidManifest.xml:30:17-75
57                android:value="androidx.startup" />
57-->[androidx.emoji2:emoji2:1.2.0] AndroidManifest.xml:31:17-49
58            <meta-data
58-->[androidx.lifecycle:lifecycle-process:2.6.2] AndroidManifest.xml:29:13-31:52
59                android:name="androidx.lifecycle.ProcessLifecycleInitializer"
59-->[androidx.lifecycle:lifecycle-process:2.6.2] AndroidManifest.xml:30:17-78
60                android:value="androidx.startup" />
60-->[androidx.lifecycle:lifecycle-process:2.6.2] AndroidManifest.xml:31:17-49
61            <meta-data
61-->[androidx.profileinstaller:profileinstaller:1.3.0] AndroidManifest.xml:29:13-31:52
62                android:name="androidx.profileinstaller.ProfileInstallerInitializer"
62-->[androidx.profileinstaller:profileinstaller:1.3.0] AndroidManifest.xml:30:17-85
63                android:value="androidx.startup" />
63-->[androidx.profileinstaller:profileinstaller:1.3.0] AndroidManifest.xml:31:17-49
64        </provider>
65
66        <receiver
66-->[androidx.profileinstaller:profileinstaller:1.3.0] AndroidManifest.xml:34:9-52:20
67            android:name="androidx.profileinstaller.ProfileInstallReceiver"
67-->[androidx.profileinstaller:profileinstaller:1.3.0] AndroidManifest.xml:35:13-76
68            android:directBootAware="false"
68-->[androidx.profileinstaller:profileinstaller:1.3.0] AndroidManifest.xml:36:13-44
69            android:enabled="true"
69-->[androidx.profileinstaller:profileinstaller:1.3.0] AndroidManifest.xml:37:13-35
70            android:exported="true"
70-->[androidx.profileinstaller:profileinstaller:1.3.0] AndroidManifest.xml:38:13-36
71            android:permission="android.permission.DUMP" >
71-->[androidx.profileinstaller:profileinstaller:1.3.0] AndroidManifest.xml:39:13-57
72            <intent-filter>
72-->[androidx.profileinstaller:profileinstaller:1.3.0] AndroidManifest.xml:40:13-42:29
73                <action android:name="androidx.profileinstaller.action.INSTALL_PROFILE" />
73-->[androidx.profileinstaller:profileinstaller:1.3.0] AndroidManifest.xml:41:17-91
73-->[androidx.profileinstaller:profileinstaller:1.3.0] AndroidManifest.xml:41:25-88
74            </intent-filter>
75            <intent-filter>
75-->[androidx.profileinstaller:profileinstaller:1.3.0] AndroidManifest.xml:43:13-45:29
76                <action android:name="androidx.profileinstaller.action.SKIP_FILE" />
76-->[androidx.profileinstaller:profileinstaller:1.3.0] AndroidManifest.xml:44:17-85
76-->[androidx.profileinstaller:profileinstaller:1.3.0] AndroidManifest.xml:44:25-82
77            </intent-filter>
78            <intent-filter>
78-->[androidx.profileinstaller:profileinstaller:1.3.0] AndroidManifest.xml:46:13-48:29
79                <action android:name="androidx.profileinstaller.action.SAVE_PROFILE" />
79-->[androidx.profileinstaller:profileinstaller:1.3.0] AndroidManifest.xml:47:17-88
79-->[androidx.profileinstaller:profileinstaller:1.3.0] AndroidManifest.xml:47:25-85
80            </intent-filter>
81            <intent-filter>
81-->[androidx.profileinstaller:profileinstaller:1.3.0] AndroidManifest.xml:49:13-51:29
82                <action android:name="androidx.profileinstaller.action.BENCHMARK_OPERATION" />
82-->[androidx.profileinstaller:profileinstaller:1.3.0] AndroidManifest.xml:50:17-95
82-->[androidx.profileinstaller:profileinstaller:1.3.0] AndroidManifest.xml:50:25-92
83            </intent-filter>
84        </receiver>
85    </application>
86
87</manifest>